INFO: checking out_of_order
INFO: checking system
INFO: checking solvers
INFO: checking dup_inputs
INFO: checking missing_recorders
WARNING: The Problem has no recorder of any kind attached
INFO: checking comp_has_no_outputs
--------------------------------
Component: LiftingSurface 'geom'
--------------------------------
'<output>'   wrt '<variable>' | fwd mag.   | check mag. | a(fwd-chk) | r(fwd-chk)
---------------------------------------------------------------------------------

'S_ref'      wrt 'AR'         | 3.8423e+00 | 3.8423e+00 | 3.8416e-07 | 9.9980e-08
'S_ref'      wrt 'dihedral'   | 1.0954e+01 | 1.0954e+01 | 3.7639e-05 | 3.4361e-06 >ABS_TOL >REL_TOL
'S_ref'      wrt 'incidence'  | 0.0000e+00 | 0.0000e+00 | 0.0000e+00 | nan
'S_ref'      wrt 'span'       | 3.8811e+00 | 3.8811e+00 | 1.0664e-07 | 2.7476e-08
'S_ref'      wrt 'sweep'      | 0.0000e+00 | 0.0000e+00 | 0.0000e+00 | nan
'S_ref'      wrt 'taper'      | 0.0000e+00 | 0.0000e+00 | 0.0000e+00 | nan
'chord|mean' wrt 'AR'         | 1.9800e-01 | 1.9800e-01 | 2.0049e-08 | 1.0126e-07
'chord|mean' wrt 'dihedral'   | 0.0000e+00 | 0.0000e+00 | 0.0000e+00 | nan
'chord|mean' wrt 'incidence'  | 0.0000e+00 | 0.0000e+00 | 0.0000e+00 | nan
'chord|mean' wrt 'span'       | 1.0000e-01 | 1.0000e-01 | 2.0955e-10 | 2.0955e-09
'chord|mean' wrt 'sweep'      | 0.0000e+00 | 0.0000e+00 | 0.0000e+00 | nan
'chord|mean' wrt 'taper'      | 0.0000e+00 | 0.0000e+00 | 0.0000e+00 | nan
'chord|root' wrt 'AR'         | 2.5457e-01 | 2.5457e-01 | 2.5893e-08 | 1.0171e-07
'chord|root' wrt 'dihedral'   | 0.0000e+00 | 0.0000e+00 | 0.0000e+00 | nan
'chord|root' wrt 'incidence'  | 0.0000e+00 | 0.0000e+00 | 0.0000e+00 | nan
'chord|root' wrt 'span'       | 1.2857e-01 | 1.2857e-01 | 4.8562e-10 | 3.7770e-09
'chord|root' wrt 'sweep'      | 0.0000e+00 | 0.0000e+00 | 0.0000e+00 | nan
'chord|root' wrt 'taper'      | 1.2122e+00 | 1.2122e+00 | 6.9272e-08 | 5.7144e-08
'chord|tip'  wrt 'AR'         | 1.2729e-01 | 1.2729e-01 | 1.3005e-08 | 1.0217e-07
'chord|tip'  wrt 'dihedral'   | 0.0000e+00 | 0.0000e+00 | 0.0000e+00 | nan
'chord|tip'  wrt 'incidence'  | 0.0000e+00 | 0.0000e+00 | 0.0000e+00 | nan
'chord|tip'  wrt 'span'       | 6.4286e-02 | 6.4286e-02 | 2.4281e-10 | 3.7770e-09
'chord|tip'  wrt 'sweep'      | 0.0000e+00 | 0.0000e+00 | 0.0000e+00 | nan
'chord|tip'  wrt 'taper'      | 1.9396e+00 | 1.9396e+00 | 1.2468e-06 | 6.4283e-07 >ABS_TOL
----------------------------------------
Component: LiftingSurfaceWeight 'weight'
----------------------------------------
'<output>' wrt '<variable>' | fwd mag.   | check mag. | a(fwd-chk) | r(fwd-chk)
-------------------------------------------------------------------------------

'weight'   wrt 'S_ref'      | 0.0000e+00 | 8.0000e+02 | 8.0000e+02 | 1.0000e+00 >ABS_TOL >REL_TOL
'weight'   wrt 'loading'    | 0.0000e+00 | 1.0000e+00 | 1.0000e+00 | 1.0000e+00 >ABS_TOL >REL_TOL

#######################################################################
Sub Jacobian with Largest Relative Error: LiftingSurfaceWeight 'weight'
#######################################################################
'<output>' wrt '<variable>' | fwd mag.   | check mag. | a(fwd-chk) | r(fwd-chk)
-------------------------------------------------------------------------------
'weight'   wrt 'S_ref'      | 0.0000e+00 | 8.0000e+02 | 8.0000e+02 | 1.0000e+00
8 Input(s) in 'model'
---------------------

varname        value   prom_name
-------------  ------  ---------
model
  geom
    span       [19.8]  span     
    AR         [10.]   AR       
    taper      [0.5]   taper    
    incidence  [3.]    incidence
    dihedral   [3.]    dihedral 
    sweep      [0.]    sweep    
  weight
    loading    [800.]  loading  
    S_ref      [1.]    S_ref    


12 Explicit Output(s) in 'model'
--------------------------------

varname         value   prom_name 
--------------  ------  ----------
model
  dv_comp
    span        [19.8]  span      
    AR          [10.]   AR        
    taper       [0.5]   taper     
    incidence   [3.]    incidence 
    dihedral    [3.]    dihedral  
    sweep       [0.]    sweep     
    loading     [800.]  loading   
  geom
    S_ref       [1.]    S_ref     
    chord|mean  [1.]    chord|mean
    chord|root  [1.]    chord|root
    chord|tip   [1.]    chord|tip 
  weight
    weight      [1.]    weight    


0 Implicit Output(s) in 'model'
-------------------------------

INFO: checking out_of_order
INFO: checking system
INFO: checking solvers
INFO: checking dup_inputs
INFO: checking missing_recorders
WARNING: The Problem has no recorder of any kind attached
INFO: checking comp_has_no_outputs
-------------------------------------
Component: LiftingSurface 'wing.geom'
-------------------------------------
'<output>'   wrt '<variable>' | fwd mag.   | check mag. | a(fwd-chk) | r(fwd-chk)
---------------------------------------------------------------------------------

'S_ref'      wrt 'AR'         | 3.8423e+00 | 3.8423e+00 | 3.8416e-07 | 9.9980e-08
'S_ref'      wrt 'dihedral'   | 1.0954e+01 | 1.0954e+01 | 3.7639e-05 | 3.4361e-06 >ABS_TOL >REL_TOL
'S_ref'      wrt 'incidence'  | 0.0000e+00 | 0.0000e+00 | 0.0000e+00 | nan
'S_ref'      wrt 'span'       | 3.8811e+00 | 3.8811e+00 | 1.0664e-07 | 2.7476e-08
'S_ref'      wrt 'sweep'      | 0.0000e+00 | 0.0000e+00 | 0.0000e+00 | nan
'S_ref'      wrt 'taper'      | 0.0000e+00 | 0.0000e+00 | 0.0000e+00 | nan
'chord|mean' wrt 'AR'         | 1.9800e-01 | 1.9800e-01 | 2.0049e-08 | 1.0126e-07
'chord|mean' wrt 'dihedral'   | 0.0000e+00 | 0.0000e+00 | 0.0000e+00 | nan
'chord|mean' wrt 'incidence'  | 0.0000e+00 | 0.0000e+00 | 0.0000e+00 | nan
'chord|mean' wrt 'span'       | 1.0000e-01 | 1.0000e-01 | 2.0955e-10 | 2.0955e-09
'chord|mean' wrt 'sweep'      | 0.0000e+00 | 0.0000e+00 | 0.0000e+00 | nan
'chord|mean' wrt 'taper'      | 0.0000e+00 | 0.0000e+00 | 0.0000e+00 | nan
'chord|root' wrt 'AR'         | 2.5457e-01 | 2.5457e-01 | 2.5893e-08 | 1.0171e-07
'chord|root' wrt 'dihedral'   | 0.0000e+00 | 0.0000e+00 | 0.0000e+00 | nan
'chord|root' wrt 'incidence'  | 0.0000e+00 | 0.0000e+00 | 0.0000e+00 | nan
'chord|root' wrt 'span'       | 1.2857e-01 | 1.2857e-01 | 4.8562e-10 | 3.7770e-09
'chord|root' wrt 'sweep'      | 0.0000e+00 | 0.0000e+00 | 0.0000e+00 | nan
'chord|root' wrt 'taper'      | 1.2122e+00 | 1.2122e+00 | 6.9272e-08 | 5.7144e-08
'chord|tip'  wrt 'AR'         | 1.2729e-01 | 1.2729e-01 | 1.3005e-08 | 1.0217e-07
'chord|tip'  wrt 'dihedral'   | 0.0000e+00 | 0.0000e+00 | 0.0000e+00 | nan
'chord|tip'  wrt 'incidence'  | 0.0000e+00 | 0.0000e+00 | 0.0000e+00 | nan
'chord|tip'  wrt 'span'       | 6.4286e-02 | 6.4286e-02 | 2.4281e-10 | 3.7770e-09
'chord|tip'  wrt 'sweep'      | 0.0000e+00 | 0.0000e+00 | 0.0000e+00 | nan
'chord|tip'  wrt 'taper'      | 1.9396e+00 | 1.9396e+00 | 1.2468e-06 | 6.4283e-07 >ABS_TOL
---------------------------------------------
Component: LiftingSurfaceWeight 'wing.weight'
---------------------------------------------
'<output>' wrt '<variable>' | fwd mag.   | check mag. | a(fwd-chk) | r(fwd-chk)
-------------------------------------------------------------------------------

'weight'   wrt 'S_ref'      | 0.0000e+00 | 8.0000e+02 | 8.0000e+02 | 1.0000e+00 >ABS_TOL >REL_TOL
'weight'   wrt 'loading'    | 0.0000e+00 | 1.0000e+00 | 1.0000e+00 | 1.0000e+00 >ABS_TOL >REL_TOL
--------------------------------------
Component: LiftingSurface 'hstab.geom'
--------------------------------------
'<output>'   wrt '<variable>' | fwd mag.   | check mag. | a(fwd-chk) | r(fwd-chk)
---------------------------------------------------------------------------------

'S_ref'      wrt 'AR'         | 1.7778e+00 | 1.7778e+00 | 5.9305e-07 | 3.3359e-07
'S_ref'      wrt 'dihedral'   | 0.0000e+00 | 5.3337e-06 | 5.3337e-06 | 1.0000e+00 >ABS_TOL >REL_TOL
'S_ref'      wrt 'incidence'  | 0.0000e+00 | 0.0000e+00 | 0.0000e+00 | nan
'S_ref'      wrt 'span'       | 2.6667e+00 | 2.6667e+00 | 3.3372e-07 | 1.2515e-07
'S_ref'      wrt 'sweep'      | 0.0000e+00 | 0.0000e+00 | 0.0000e+00 | nan
'S_ref'      wrt 'taper'      | 0.0000e+00 | 0.0000e+00 | 0.0000e+00 | nan
'chord|mean' wrt 'AR'         | 4.4444e-01 | 4.4444e-01 | 1.4820e-07 | 3.3346e-07
'chord|mean' wrt 'dihedral'   | 0.0000e+00 | 0.0000e+00 | 0.0000e+00 | nan
'chord|mean' wrt 'incidence'  | 0.0000e+00 | 0.0000e+00 | 0.0000e+00 | nan
'chord|mean' wrt 'span'       | 3.3333e-01 | 3.3333e-01 | 3.8805e-11 | 1.1642e-10
'chord|mean' wrt 'sweep'      | 0.0000e+00 | 0.0000e+00 | 0.0000e+00 | nan
'chord|mean' wrt 'taper'      | 0.0000e+00 | 0.0000e+00 | 0.0000e+00 | nan
'chord|root' wrt 'AR'         | 4.9180e-01 | 4.9180e-01 | 1.6404e-07 | 3.3354e-07
'chord|root' wrt 'dihedral'   | 0.0000e+00 | 0.0000e+00 | 0.0000e+00 | nan
'chord|root' wrt 'incidence'  | 0.0000e+00 | 0.0000e+00 | 0.0000e+00 | nan
'chord|root' wrt 'span'       | 3.6885e-01 | 3.6885e-01 | 5.2482e-11 | 1.4229e-10
'chord|root' wrt 'sweep'      | 0.0000e+00 | 0.0000e+00 | 0.0000e+00 | nan
'chord|root' wrt 'taper'      | 7.5249e-01 | 7.5249e-01 | 1.9740e-07 | 2.6233e-07
'chord|tip'  wrt 'AR'         | 3.9344e-01 | 3.9344e-01 | 1.3124e-07 | 3.3357e-07
'chord|tip'  wrt 'dihedral'   | 0.0000e+00 | 0.0000e+00 | 0.0000e+00 | nan
'chord|tip'  wrt 'incidence'  | 0.0000e+00 | 0.0000e+00 | 0.0000e+00 | nan
'chord|tip'  wrt 'span'       | 2.9508e-01 | 2.9508e-01 | 1.0019e-10 | 3.3954e-10
'chord|tip'  wrt 'sweep'      | 0.0000e+00 | 0.0000e+00 | 0.0000e+00 | nan
'chord|tip'  wrt 'taper'      | 8.7342e-01 | 8.7342e-01 | 5.9458e-07 | 6.8075e-07
----------------------------------------------
Component: LiftingSurfaceWeight 'hstab.weight'
----------------------------------------------
'<output>' wrt '<variable>' | fwd mag.   | check mag. | a(fwd-chk) | r(fwd-chk)
-------------------------------------------------------------------------------

'weight'   wrt 'S_ref'      | 0.0000e+00 | 8.0000e+02 | 8.0000e+02 | 1.0000e+00 >ABS_TOL >REL_TOL
'weight'   wrt 'loading'    | 0.0000e+00 | 1.0000e+00 | 1.0000e+00 | 1.0000e+00 >ABS_TOL >REL_TOL
---------------------------
Component: Lister 'weights'
---------------------------
'<output>' wrt '<variable>' | fwd mag.   | check mag. | a(fwd-chk) | r(fwd-chk)
-------------------------------------------------------------------------------

'weights'  wrt 'weights_0'  | 1.0000e+00 | 1.0000e+00 | 0.0000e+00 | 0.0000e+00
'weights'  wrt 'weights_1'  | 1.0000e+00 | 1.0000e+00 | 0.0000e+00 | 0.0000e+00
'weights'  wrt 'weights_2'  | 1.0000e+00 | 1.0000e+00 | 0.0000e+00 | 0.0000e+00
-----------------------------
Component: Lister 'positions'
-----------------------------
'<output>'  wrt '<variable>'  | fwd mag.   | check mag. | a(fwd-chk) | r(fwd-chk)
---------------------------------------------------------------------------------

'positions' wrt 'positions_0' | 1.0000e+00 | 1.0000e+00 | 0.0000e+00 | 0.0000e+00
'positions' wrt 'positions_1' | 1.0000e+00 | 1.0000e+00 | 0.0000e+00 | 0.0000e+00
'positions' wrt 'positions_2' | 1.0000e+00 | 1.0000e+00 | 0.0000e+00 | 0.0000e+00
--------------------------------------------------------
Component: AerodynamicPitching 'trim.center_of_pressure'
--------------------------------------------------------
'<output>' wrt '<variable>'     | fwd mag.   | check mag. | a(fwd-chk) | r(fwd-chk)
-----------------------------------------------------------------------------------

'ac|cm'    wrt 'ac|cl'          | 0.0000e+00 | 0.0000e+00 | 0.0000e+00 | nan
'ac|cm'    wrt 'fuselage|cmvf'  | 1.0000e+00 | 1.0000e+00 | 1.8626e-09 | 1.8626e-09
'ac|cm'    wrt 'hstab|S_ref'    | 1.5152e+01 | 1.5152e+01 | 2.9351e-09 | 1.9372e-10
'ac|cm'    wrt 'hstab|cl'       | 7.5758e+00 | 7.5758e+00 | 3.9511e-10 | 5.2154e-11
'ac|cm'    wrt 'hstab|cm'       | 1.0000e+00 | 1.0000e+00 | 1.8626e-09 | 1.8626e-09
'ac|cm'    wrt 'hstab|coords|x' | 1.0101e+00 | 1.0101e+00 | 2.8034e-09 | 2.7753e-09
'ac|cm'    wrt 'ref_chord'      | 7.6523e+00 | 7.6523e+00 | 3.8636e-06 | 5.0489e-07 >ABS_TOL
'ac|cm'    wrt 'wing|S_ref'     | 1.5152e+01 | 1.5152e+01 | 1.5150e-05 | 9.9990e-07 >ABS_TOL
'ac|cm'    wrt 'wing|cm'        | 1.0000e+00 | 1.0000e+00 | 5.5879e-09 | 5.5879e-09
'ac|cm'    wrt 'wing|coords|x'  | 1.7778e+00 | 1.7778e+00 | 3.5183e-09 | 1.9791e-09
'x_cp'     wrt 'ac|cl'          | 1.2980e+01 | 1.2980e+01 | 8.5445e-06 | 6.5826e-07 >ABS_TOL
'x_cp'     wrt 'fuselage|cmvf'  | 1.3026e+00 | 1.3026e+00 | 3.9214e-10 | 3.0103e-10
'x_cp'     wrt 'hstab|S_ref'    | 1.9737e+01 | 1.9737e+01 | 1.9607e-09 | 9.9341e-11
'x_cp'     wrt 'hstab|cl'       | 9.8684e+00 | 9.8684e+00 | 4.7056e-09 | 4.7684e-10
'x_cp'     wrt 'hstab|cm'       | 1.3026e+00 | 1.3026e+00 | 3.9214e-10 | 3.0103e-10
'x_cp'     wrt 'hstab|coords|x' | 1.3158e+00 | 1.3158e+00 | 2.3528e-09 | 1.7881e-09
'x_cp'     wrt 'ref_chord'      | 3.2895e-03 | 3.2895e-03 | 1.3725e-09 | 4.1723e-07
'x_cp'     wrt 'wing|S_ref'     | 1.9737e+01 | 1.9737e+01 | 1.9742e-05 | 1.0003e-06 >ABS_TOL >REL_TOL
'x_cp'     wrt 'wing|cm'        | 1.3026e+00 | 1.3026e+00 | 3.9214e-10 | 3.0103e-10
'x_cp'     wrt 'wing|coords|x'  | 2.3158e+00 | 2.3158e+00 | 2.3528e-09 | 1.0160e-09
---------------------------------------------------------------------
Component: ElementMultiplyDivideComp 'trim.center_of_gravity.moments'
---------------------------------------------------------------------
'<output>' wrt '<variable>' | fwd mag.   | check mag. | a(fwd-chk) | r(fwd-chk)
-------------------------------------------------------------------------------

'xWs'      wrt 'positions'  | 1.7321e+00 | 1.7321e+00 | 1.4249e-10 | 8.2267e-11
'xWs'      wrt 'weights'    | 1.7321e+00 | 1.7321e+00 | 1.4249e-10 | 8.2267e-11
-------------------------------------------------------
Component: SumComp 'trim.center_of_gravity.sum_weights'
-------------------------------------------------------
'<output>' wrt '<variable>' | fwd mag.   | check mag. | a(fwd-chk) | r(fwd-chk)
-------------------------------------------------------------------------------

'W'        wrt 'weights'    | 1.7321e+00 | 1.7321e+00 | 4.0327e-10 | 2.3283e-10
-------------------------------------------------------
Component: SumComp 'trim.center_of_gravity.sum_moments'
-------------------------------------------------------
'<output>' wrt '<variable>' | fwd mag.   | check mag. | a(fwd-chk) | r(fwd-chk)
-------------------------------------------------------------------------------

'xW'       wrt 'xWs'        | 1.7321e+00 | 1.7321e+00 | 4.0327e-10 | 2.3283e-10
--------------------------------------------------------------
Component: ExecComp 'trim.center_of_gravity.center_of_gravity'
--------------------------------------------------------------
'<output>' wrt '<variable>' | fwd mag.   | check mag. | a(fwd-chk) | r(fwd-chk)
-------------------------------------------------------------------------------

'x_cg'     wrt 'W'          | 1.0000e+00 | 1.0000e+00 | 1.0001e-06 | 1.0001e-06 >ABS_TOL >REL_TOL
'x_cg'     wrt 'xW'         | 1.0000e+00 | 1.0000e+00 | 8.2267e-11 | 8.2267e-11
-----------------------------------
Component: BalanceComp 'trim.solve'
-----------------------------------
'<output>' wrt '<variable>'   | fwd mag.   | check mag. | a(fwd-chk) | r(fwd-chk)
---------------------------------------------------------------------------------

'hstab|cl' wrt 'hstab|cl'     | 0.0000e+00 | 0.0000e+00 | 0.0000e+00 | nan
'hstab|cl' wrt 'lhs:hstab|cl' | 8.0000e-01 | 8.0000e-01 | 6.5813e-11 | 8.2267e-11
'hstab|cl' wrt 'rhs:hstab|cl' | 8.0000e-01 | 8.0000e-01 | 3.2007e-07 | 4.0008e-07

############################################################################
Sub Jacobian with Largest Relative Error: LiftingSurfaceWeight 'wing.weight'
############################################################################
'<output>' wrt '<variable>'   | fwd mag.   | check mag. | a(fwd-chk) | r(fwd-chk)
---------------------------------------------------------------------------------
'weight'   wrt 'S_ref'      | 0.0000e+00 | 8.0000e+02 | 8.0000e+02 | 1.0000e+00
NL: Newton 0 ; 0.354703742 1
NL: Newton 1 ; 0.386503323 1.0896511
NL: Newton 2 ; 0.0605873498 0.170811138
NL: Newton 3 ; 0.00276652933 0.00779954931
NL: Newton 4 ; 6.69775116e-06 1.88826628e-05
NL: Newton 5 ; 3.95571067e-11 1.11521538e-10
NL: Newton Converged
41 Explicit Output(s) in 'model'
--------------------------------

varname                        value               
-----------------------------  --------------------
model
  dv_comp
    ac|aero|cl                 [1.52]              
    ac|geom|ref_chord          [1.98]              
    ac|geom|wing|cm            [0.001]             
    ac|geom|wing|coords|x      [3.80159931e-17]    
    ac|geom|hstab|cm           [0.003]             
    ac|weights|fuselage        [1000.]             
    ac|geom|fuselage|cmvf      [0.001]             
    ac|geom|hstab|coords|x     [15.]               
    ac|geom|fuselage|coords|x  [-0.5]              
  wing
    dv_comp
      span                     [19.8]              
      AR                       [10.]               
      taper                    [0.5]               
      incidence                [3.]                
      dihedral                 [3.]                
      sweep                    [0.]                
      loading                  [800.]              
    geom
      S_ref                    [38.42325796]       
      chord|mean               [1.98]              
      chord|root               [2.54571429]        
      chord|tip                [1.27285714]        
    weight
      weight                   [30738.60636714]    
  hstab
    dv_comp
      span                     [4.]                
      AR                       [3.]                
      taper                    [0.8]               
      incidence                [0.]                
      dihedral                 [0.]                
      sweep                    [15.]               
      loading                  [800.]              
    geom
      S_ref                    [5.33333333]        
      chord|mean               [1.33333333]        
      chord|root               [1.47540984]        
      chord|tip                [1.18032787]        
    weight
      weight                   [4266.66666667]     
  weights
    weights                    |31049.418123987467|
                               value:
                               array([[ 4266.66666667],
                                      [ 1000.        ],
                                      [30738.60636714]])
  positions
    positions                  |15.008331019803634|
                               value:
                               array([[ 1.50000000e+01],
                                      [-5.00000000e-01],
                                      [ 3.80159931e-17]])
  trim
    center_of_pressure
      ac|cm                    [-1.35389821]       
      x_cp                     [1.76363056]        
    center_of_gravity
      moments
        xWs                    |64001.95309519858| 
                               value:
                               array([ 6.40000000e+04, -5.00000000e+02,  1.16855865e-12])
      sum_weights
        W                      [36005.2730338]     
      sum_moments
        xW                     [63500.]            
      center_of_gravity
        x_cg                   [1.76363056]        


1 Implicit Output(s) in 'model'
-------------------------------

varname         value        
--------------  -------------
model
  trim
    solve
      hstab|cl  [-1.29227909]


NL: Newton 0 ; 2.58104092 1
NL: Newton 1 ; 0.113156635 0.0438414728
NL: Newton 2 ; 0.130814384 0.0506828011
NL: Newton 3 ; 0.131101073 0.0507938762
NL: Newton 4 ; 0.131408135 0.0509128445
NL: Newton 5 ; 0.13171617 0.0510321896
NL: Newton 6 ; 0.132025201 0.051151921
NL: Newton 7 ; 0.132335233 0.0512720399
NL: Newton 8 ; 0.132646269 0.0513925477
NL: Newton 9 ; 0.132958312 0.0515134458
NL: Newton 10 ; 0.133271365 0.0516347355
NL: NewtonSolver 'NL: Newton' on system '' failed to converge in 10 iterations.
58 Explicit Output(s) in 'model'
--------------------------------

varname                             value               
----------------------------------  --------------------
model
  ac_model
    ac|geom|wing|S_ref              [39.2]              
    ac|geom|wing|AR                 [6.]                
    ac|geom|wing|c4sweep            [5.]                
    ac|geom|hstab|AR                [3.]                
    ac|geom|hstab|c4sweep           [30.]               
    ac|geom|fuselage|cmvf           [0.001]             
    ac|aero|cl                      [1.52]              
    ac|geom|ref_chord               [1.98]              
    ac|geom|wing|cm                 [0.001]             
    ac|geom|hstab|cl                [0.1]               
    ac|geom|hstab|cm                [0.003]             
    ac|weights|fuselage             [1000.]             
    ac|geom|hstab|coords|x          [15.]               
    ac|geom|fuselage|coords|x       [-0.5]              
  wing
    dv_comp
      span                          [19.8]              
      AR                            [10.]               
      taper                         [0.5]               
      incidence                     [3.]                
      dihedral                      [3.]                
      sweep                         [0.]                
      loading                       [800.]              
    geom
      S_ref                         [38.42325796]       
      chord|mean                    [1.98]              
      chord|root                    [2.54571429]        
      chord|tip                     [1.27285714]        
    weight
      weight                        [30738.60636714]    
  hstab
    dv_comp
      span                          [4.]                
      AR                            [3.]                
      taper                         [0.8]               
      incidence                     [0.]                
      dihedral                      [0.]                
      sweep                         [15.]               
      loading                       [800.]              
    geom
      S_ref                         [5.33333333]        
      chord|mean                    [1.33333333]        
      chord|root                    [1.47540984]        
      chord|tip                     [1.18032787]        
    weight
      weight                        [4266.66666667]     
  weights
    weights                         |31049.418123987467|
                                    value:
                                    array([[ 4266.66666667],
                                           [ 1000.        ],
                                           [30738.60636714]])
  positions
    positions                       |21.864475925204673|
                                    value:
                                    array([[15.        ],
                                           [-0.5       ],
                                           [15.89985244]])
  const
    dEps_dAlpha                     [0.01]              
    mach                            [0.8]               
  cycle
    trim
      center_of_pressure
        ac|cm                       [-11.8767315]       
        x_cp                        [15.4710055]        
      center_of_gravity
        moments
          xWs                       |492912.1205323871| 
                                    value:
                                    array([ 64000.        ,   -500.        , 488739.30532313])
        sum_weights
          W                         [36005.2730338]     
        sum_moments
          xW                        [552239.30532313]   
        center_of_gravity
          x_cg                      [15.33773414]       
      trim
        trim_eq                     [-0.13327137]       
    stability
      ac_model
        ac|stability|static_margin  [0.25]              
        ac|geom|ref_chord           [1.98]              
      center_of_gravity
        moments
          xWs                       |492912.1205323871| 
                                    value:
                                    array([ 64000.        ,   -500.        , 488739.30532313])
        sum_weights
          W                         [36005.2730338]     
        sum_moments
          xW                        [552239.30532313]   
        center_of_gravity
          x_cg                      [15.33773414]       
      hstab_cl_gradient
        dCLh_dCL                    [0.35888781]        
      neutral_point
        x_np                        [15.83273406]       
      sm_eq
        sm_eq                       [7.69826228e-08]    


2 Implicit Output(s) in 'model'
-------------------------------

varname            value        
-----------------  -------------
model
  solve
    hstab|S_ref    [7.98246796] 
    wing|coords|x  [15.89985244]


